
============================================================
[2026-03-19T08:20:12.671321] 开始执行: OpenClaw更新检查
============================================================
============================================================
OpenClaw 更新检查
============================================================

当前版本: OpenClaw 2026.3.12 (6472949)
最新版本: 2026.3.13
Gateway 状态: 未运行

⚠️  发现新版本: 2026.3.13
   当前版本: OpenClaw 2026.3.12 (6472949)

建议操作:
1. 查看更新日志: https://github.com/openclaw/openclaw/releases
2. 备份配置文件: cp ~/.config/openclaw/config.yaml ~/.config/openclaw/config.yaml.backup
3. 执行更新: npm update -g openclaw


更新日志已保存: /workspace/projects/workspace/memory/openclaw-updates.json

============================================================
检查完成
============================================================

[2026-03-19T08:20:23.420528] 执行结束，返回码: 0
